2024-12-11 02:06:04,340 [INFO] Logging initialized. Log file: ./logs/training_20241211_020604.log
2024-12-11 02:06:04,343 [INFO] Random seed set to 234
2024-12-11 02:06:04,343 [INFO] Using device: cuda
2024-12-11 02:06:04,371 [INFO] Loaded data: Data(edge_index=[2, 584310], num_nodes=67806, x=[67806, 65])
2024-12-11 02:06:04,371 [INFO] Creating splits...
2024-12-11 02:06:04,599 [INFO] Created splits
2024-12-11 02:06:04,600 [INFO] Preprocessing function configured.
2024-12-11 02:06:04,600 [INFO] Creating datasets...
2024-12-11 02:06:04,766 [INFO] Including validation edges into training edges for testing...
2024-12-11 02:06:04,767 [INFO] Included validation edges into training edges.
2024-12-11 02:06:04,832 [INFO] Created datasets.
2024-12-11 02:06:04,832 [INFO] Creating dataloaders...
2024-12-11 02:06:04,833 [INFO] Created dataloaders.
2024-12-11 02:06:04,833 [INFO] Creating Model
2024-12-11 02:06:05,080 [INFO] Created Model
2024-12-11 02:06:05,080 [INFO] Total trainable parameters in the model: 181797
2024-12-11 02:06:05,081 [INFO] Initialized sequential scheduler with warmup and cosine annealing
2024-12-11 02:06:05,081 [INFO] 
Epoch 1/5
2024-12-11 02:10:20,226 [INFO] Train Loss: 59.7612, AUC: 0.5876, AP: 0.5796
2024-12-11 02:10:54,120 [INFO] Validation Loss: 0.6825, AUC: 0.7869, AP: 0.8369
2024-12-11 02:10:54,188 [INFO] New best model saved at epoch 1 with combined metric: 0.8069 (AUC: 0.7869, AP: 0.8369)
2024-12-11 02:10:54,188 [INFO] 
Epoch 2/5
2024-12-11 02:12:18,714 [INFO] Train Loss: 0.7038, AUC: 0.6945, AP: 0.7438
2024-12-11 02:12:28,866 [INFO] Validation Loss: 0.6146, AUC: 0.8142, AP: 0.8582
2024-12-11 02:12:28,932 [INFO] New best model saved at epoch 2 with combined metric: 0.8318 (AUC: 0.8142, AP: 0.8582)
2024-12-11 02:12:28,933 [INFO] 
Epoch 3/5
2024-12-11 02:13:52,619 [INFO] Train Loss: 1.3684, AUC: 0.7181, AP: 0.7685
2024-12-11 02:14:03,046 [INFO] Validation Loss: 1.2551, AUC: 0.8312, AP: 0.8675
2024-12-11 02:14:03,108 [INFO] New best model saved at epoch 3 with combined metric: 0.8457 (AUC: 0.8312, AP: 0.8675)
2024-12-11 02:14:03,108 [INFO] 
Epoch 4/5
2024-12-11 02:15:25,992 [INFO] Train Loss: 1.3854, AUC: 0.7466, AP: 0.8002
2024-12-11 02:15:36,931 [INFO] Validation Loss: 1.2186, AUC: 0.8395, AP: 0.8725
2024-12-11 02:15:36,979 [INFO] New best model saved at epoch 4 with combined metric: 0.8527 (AUC: 0.8395, AP: 0.8725)
2024-12-11 02:15:36,980 [INFO] 
Epoch 5/5
2024-12-11 02:17:00,301 [INFO] Train Loss: 1.4148, AUC: 0.7573, AP: 0.8093
2024-12-11 02:17:10,707 [INFO] Validation Loss: 1.2749, AUC: 0.8395, AP: 0.8733
2024-12-11 02:17:10,758 [INFO] New best model saved at epoch 5 with combined metric: 0.8530 (AUC: 0.8395, AP: 0.8733)
2024-12-11 02:17:10,758 [INFO] Loading the best model for testing...
2024-12-11 02:17:10,774 [INFO] Evaluating on test set...
2024-12-11 02:17:46,178 [INFO] Test Loss: 1.2906, AUC: 0.8425, AP: 0.8755
2024-12-11 02:17:46,178 [INFO] Training and evaluation complete.
