2024-12-11 16:32:11,095 [INFO] Logging initialized. Log file: ./logs/training_20241211_163211.log
2024-12-11 16:32:11,097 [INFO] Using device: cuda
2024-12-11 16:32:11,099 [INFO] Argument model is SANGraphormer
2024-12-11 16:32:11,099 [INFO] Argument full_graph is True
2024-12-11 16:32:11,099 [INFO] Argument hidden_channels is 32
2024-12-11 16:32:11,099 [INFO] Argument num_layers is 4
2024-12-11 16:32:11,100 [INFO] Argument dropout is 0.8
2024-12-11 16:32:11,100 [INFO] Argument seed is 234
2024-12-11 16:32:11,101 [INFO] Random seed set to 234
2024-12-11 16:32:11,982 [INFO] Loaded data: Data(edge_index=[2, 11629341], num_nodes=757733, x=[757733, 65], decision_date=[757733], court_name=[757733])
2024-12-11 16:32:11,983 [INFO] Creating splits...
2024-12-11 16:32:17,136 [INFO] Created splits
2024-12-11 16:32:17,136 [INFO] Preprocessing function configured.
2024-12-11 16:32:17,136 [INFO] Creating datasets...
2024-12-11 16:32:21,047 [INFO] Including validation edges into training edges for testing...
2024-12-11 16:32:21,053 [INFO] Included validation edges into training edges.
2024-12-11 16:32:22,443 [INFO] Created datasets.
2024-12-11 16:32:22,443 [INFO] Creating dataloaders...
2024-12-11 16:32:22,443 [INFO] Created dataloaders.
2024-12-11 16:32:22,444 [INFO] Creating Model
2024-12-11 16:32:22,579 [INFO] Model: SANGraphormer
2024-12-11 16:32:22,587 [INFO] Created Model
2024-12-11 16:32:22,588 [INFO] Total trainable parameters in the model: 129157
2024-12-11 16:32:22,589 [INFO] Initialized sequential scheduler with warmup and cosine annealing
2024-12-11 16:32:22,589 [INFO] 
Epoch 1/5
