2024-12-11 22:39:52,773 [INFO] Logging initialized. Log file: ./logs/training_20241211_223952.log
2024-12-11 22:39:52,774 [INFO] Using device: cuda
2024-12-11 22:39:52,776 [INFO] Argument model is SANGraphormer
2024-12-11 22:39:52,776 [INFO] Argument full_graph is False
2024-12-11 22:39:52,776 [INFO] Argument hidden_channels is 48
2024-12-11 22:39:52,776 [INFO] Argument num_layers is 3
2024-12-11 22:39:52,776 [INFO] Argument dropout is 0.6
2024-12-11 22:39:52,777 [INFO] Argument seed is 234
2024-12-11 22:39:52,778 [INFO] Random seed set to 234
2024-12-11 22:39:52,881 [INFO] Loaded data: Data(edge_index=[2, 1429931], num_nodes=68350, x=[68350, 65], court_name=[68350], decision_date=[68350])
2024-12-11 22:39:52,881 [INFO] Creating splits...
2024-12-11 22:43:57,872 [INFO] Created splits
2024-12-11 22:43:57,872 [INFO] Preprocessing function configured.
2024-12-11 22:43:57,873 [INFO] Creating datasets...
2024-12-11 22:43:59,379 [INFO] Created datasets.
2024-12-11 22:43:59,379 [INFO] Creating dataloaders...
2024-12-11 22:43:59,380 [INFO] Created dataloaders.
2024-12-11 22:43:59,380 [INFO] Creating Model
2024-12-11 22:43:59,495 [INFO] Model: SANGraphormer
2024-12-11 22:43:59,503 [INFO] Created Model
2024-12-11 22:43:59,504 [INFO] Total trainable parameters in the model: 198293
2024-12-11 22:43:59,505 [INFO] Initialized sequential scheduler with warmup and cosine annealing
2024-12-11 22:43:59,505 [INFO] 
Epoch 1/5
