2024-12-11 21:09:43,426 [INFO] Logging initialized. Log file: ./logs/training_20241211_210943.log
2024-12-11 21:09:43,429 [INFO] Using device: cuda
2024-12-11 21:09:43,430 [INFO] Argument model is GCNGraphormer
2024-12-11 21:09:43,430 [INFO] Argument full_graph is False
2024-12-11 21:09:43,430 [INFO] Argument hidden_channels is 64
2024-12-11 21:09:43,430 [INFO] Argument num_layers is 3
2024-12-11 21:09:43,430 [INFO] Argument dropout is 0.2
2024-12-11 21:09:43,430 [INFO] Argument seed is 234
2024-12-11 21:09:43,432 [INFO] Random seed set to 234
2024-12-11 21:09:43,525 [INFO] Loaded data: Data(edge_index=[2, 1429931], num_nodes=68350, x=[68350, 65], court_name=[68350], decision_date=[68350])
2024-12-11 21:09:43,525 [INFO] Creating splits...
2024-12-11 21:09:44,895 [INFO] Created splits
2024-12-11 21:09:44,895 [INFO] Preprocessing function configured.
2024-12-11 21:09:44,896 [INFO] Creating datasets...
2024-12-11 21:09:45,821 [INFO] Created datasets.
2024-12-11 21:09:45,821 [INFO] Creating dataloaders...
2024-12-11 21:09:45,822 [INFO] Created dataloaders.
2024-12-11 21:09:45,822 [INFO] Creating Model
2024-12-11 21:09:45,976 [INFO] Model: GCNGraphormer
2024-12-11 21:09:45,983 [INFO] Created Model
2024-12-11 21:09:45,984 [INFO] Total trainable parameters in the model: 181797
2024-12-11 21:09:45,984 [INFO] Initialized sequential scheduler with warmup and cosine annealing
2024-12-11 21:09:45,985 [INFO] 
Epoch 1/5
