2024-12-11 07:04:15,493 [INFO] Logging initialized. Log file: ./logs/training_20241211_070415.log
2024-12-11 07:04:15,494 [INFO] Using device: cuda
2024-12-11 07:04:15,495 [INFO] Argument model is SANGraphormer
2024-12-11 07:04:15,495 [INFO] Argument hidden_channels is 32
2024-12-11 07:04:15,496 [INFO] Argument num_layers is 4
2024-12-11 07:04:15,496 [INFO] Argument dropout is 0.8
2024-12-11 07:04:15,496 [INFO] Argument seed is 234
2024-12-11 07:04:15,498 [INFO] Random seed set to 234
2024-12-11 07:04:16,408 [INFO] Loaded data: Data(edge_index=[2, 11629341], num_nodes=757733, x=[757733, 65], decision_date=[757733], court_name=[757733])
2024-12-11 07:04:16,408 [INFO] Creating splits...
2024-12-11 07:04:21,876 [INFO] Created splits
2024-12-11 07:04:21,876 [INFO] Preprocessing function configured.
2024-12-11 07:04:21,876 [INFO] Creating datasets...
2024-12-11 07:04:26,172 [INFO] Including validation edges into training edges for testing...
2024-12-11 07:04:26,179 [INFO] Included validation edges into training edges.
2024-12-11 07:04:27,583 [INFO] Created datasets.
2024-12-11 07:04:27,584 [INFO] Creating dataloaders...
2024-12-11 07:04:27,584 [INFO] Created dataloaders.
2024-12-11 07:04:27,584 [INFO] Creating Model
2024-12-11 07:04:27,811 [INFO] Model: SANGraphormer
2024-12-11 07:04:27,820 [INFO] Created Model
2024-12-11 07:04:27,821 [INFO] Total trainable parameters in the model: 129157
2024-12-11 07:04:27,822 [INFO] Initialized sequential scheduler with warmup and cosine annealing
2024-12-11 07:04:27,822 [INFO] 
Epoch 1/5
2024-12-11 08:27:16,628 [INFO] Train Loss: 1.3447, AUC: 0.5010, AP: 0.5015
2024-12-11 08:38:57,445 [INFO] Validation Loss: 0.6941, AUC: 0.4781, AP: 0.4886
2024-12-11 08:50:57,504 [INFO] Test Loss: 0.6941, AUC: 0.4743, AP: 0.4867
2024-12-11 08:50:57,505 [INFO] Test Loss: 0.6941, AUC: 0.4743, AP: 0.4867
