2024-12-11 21:58:53,139 [INFO] Logging initialized. Log file: ./logs/training_20241211_215853.log
2024-12-11 21:58:53,141 [INFO] Using device: cuda
2024-12-11 21:58:53,143 [INFO] Argument model is SANGraphormer
2024-12-11 21:58:53,143 [INFO] Argument full_graph is False
2024-12-11 21:58:53,143 [INFO] Argument hidden_channels is 48
2024-12-11 21:58:53,143 [INFO] Argument num_layers is 3
2024-12-11 21:58:53,143 [INFO] Argument dropout is 0.6
2024-12-11 21:58:53,143 [INFO] Argument seed is 234
2024-12-11 21:58:53,145 [INFO] Random seed set to 234
2024-12-11 21:58:53,242 [INFO] Loaded data: Data(edge_index=[2, 1429931], num_nodes=68350, x=[68350, 65], court_name=[68350], decision_date=[68350])
2024-12-11 21:58:53,243 [INFO] Creating splits...
2024-12-11 22:02:58,668 [INFO] Created splits
2024-12-11 22:02:58,669 [INFO] Preprocessing function configured.
2024-12-11 22:02:58,669 [INFO] Creating datasets...
2024-12-11 22:03:00,098 [INFO] Created datasets.
2024-12-11 22:03:00,099 [INFO] Creating dataloaders...
2024-12-11 22:03:00,099 [INFO] Created dataloaders.
2024-12-11 22:03:00,100 [INFO] Creating Model
2024-12-11 22:03:00,213 [INFO] Model: SANGraphormer
2024-12-11 22:03:00,222 [INFO] Created Model
2024-12-11 22:03:00,222 [INFO] Total trainable parameters in the model: 198293
2024-12-11 22:03:00,223 [INFO] Initialized sequential scheduler with warmup and cosine annealing
2024-12-11 22:03:00,223 [INFO] 
Epoch 1/5
