2024-12-11 16:19:26,100 [INFO] Logging initialized. Log file: ./logs/training_20241211_161926.log
2024-12-11 16:19:26,101 [INFO] Using device: cuda
2024-12-11 16:19:26,102 [INFO] Argument model is SANGraphormer
2024-12-11 16:19:26,102 [INFO] Argument hidden_channels is 32
2024-12-11 16:19:26,102 [INFO] Argument num_layers is 4
2024-12-11 16:19:26,102 [INFO] Argument dropout is 0.8
2024-12-11 16:19:26,102 [INFO] Argument seed is 234
2024-12-11 16:19:26,104 [INFO] Random seed set to 234
2024-12-11 16:19:34,555 [INFO] Loaded data: Data(edge_index=[2, 11629341], num_nodes=757733, x=[757733, 65], decision_date=[757733], court_name=[757733])
2024-12-11 16:19:34,555 [INFO] Creating splits...
2024-12-11 16:19:39,717 [INFO] Created splits
2024-12-11 16:19:39,717 [INFO] Preprocessing function configured.
2024-12-11 16:19:39,717 [INFO] Creating datasets...
2024-12-11 16:19:43,277 [INFO] Including validation edges into training edges for testing...
2024-12-11 16:19:43,284 [INFO] Included validation edges into training edges.
2024-12-11 16:19:44,781 [INFO] Created datasets.
2024-12-11 16:19:44,781 [INFO] Creating dataloaders...
2024-12-11 16:19:44,781 [INFO] Created dataloaders.
2024-12-11 16:19:44,782 [INFO] Creating Model
2024-12-11 16:19:44,914 [INFO] Model: SANGraphormer
2024-12-11 16:19:44,923 [INFO] Created Model
2024-12-11 16:19:44,924 [INFO] Total trainable parameters in the model: 129157
2024-12-11 16:19:44,925 [INFO] Initialized sequential scheduler with warmup and cosine annealing
2024-12-11 16:19:44,925 [INFO] 
Epoch 1/5
