2024-12-11 21:12:31,324 [INFO] Logging initialized. Log file: ./logs/training_20241211_211231.log
2024-12-11 21:12:31,325 [INFO] Using device: cuda
2024-12-11 21:12:31,327 [INFO] Argument model is SANGraphormer
2024-12-11 21:12:31,327 [INFO] Argument full_graph is False
2024-12-11 21:12:31,327 [INFO] Argument hidden_channels is 48
2024-12-11 21:12:31,327 [INFO] Argument num_layers is 3
2024-12-11 21:12:31,327 [INFO] Argument dropout is 0.6
2024-12-11 21:12:31,327 [INFO] Argument seed is 234
2024-12-11 21:12:31,329 [INFO] Random seed set to 234
2024-12-11 21:12:34,311 [INFO] Loaded data: Data(edge_index=[2, 1429931], num_nodes=68350, x=[68350, 65], court_name=[68350], decision_date=[68350])
2024-12-11 21:12:34,312 [INFO] Creating splits...
2024-12-11 21:12:35,697 [INFO] Created splits
2024-12-11 21:12:35,697 [INFO] Preprocessing function configured.
2024-12-11 21:12:35,697 [INFO] Creating datasets...
2024-12-11 21:12:36,651 [INFO] Created datasets.
2024-12-11 21:12:36,651 [INFO] Creating dataloaders...
2024-12-11 21:12:36,652 [INFO] Created dataloaders.
2024-12-11 21:12:36,652 [INFO] Creating Model
2024-12-11 21:12:36,770 [INFO] Model: SANGraphormer
2024-12-11 21:12:36,779 [INFO] Created Model
2024-12-11 21:12:36,779 [INFO] Total trainable parameters in the model: 198293
2024-12-11 21:12:36,780 [INFO] Initialized sequential scheduler with warmup and cosine annealing
2024-12-11 21:12:36,780 [INFO] 
Epoch 1/5
