2024-12-11 09:50:13,970 [INFO] Logging initialized. Log file: ./logs/training_20241211_095013.log
2024-12-11 09:50:13,972 [INFO] Using device: cuda
2024-12-11 09:50:13,992 [INFO] Argument model is SANGraphormer
2024-12-11 09:50:13,992 [INFO] Argument hidden_channels is 32
2024-12-11 09:50:13,992 [INFO] Argument num_layers is 5
2024-12-11 09:50:13,992 [INFO] Argument dropout is 0.8
2024-12-11 09:50:13,992 [INFO] Argument seed is 567
2024-12-11 09:50:13,994 [INFO] Random seed set to 567
2024-12-11 09:50:14,925 [INFO] Loaded data: Data(edge_index=[2, 11629341], num_nodes=757733, x=[757733, 65], decision_date=[757733], court_name=[757733])
2024-12-11 09:50:14,925 [INFO] Creating splits...
2024-12-11 09:50:20,388 [INFO] Created splits
2024-12-11 09:50:20,388 [INFO] Preprocessing function configured.
2024-12-11 09:50:20,388 [INFO] Creating datasets...
2024-12-11 09:50:24,270 [INFO] Including validation edges into training edges for testing...
2024-12-11 09:50:24,276 [INFO] Included validation edges into training edges.
2024-12-11 09:50:25,593 [INFO] Created datasets.
2024-12-11 09:50:25,593 [INFO] Creating dataloaders...
2024-12-11 09:50:25,594 [INFO] Created dataloaders.
2024-12-11 09:50:25,594 [INFO] Creating Model
2024-12-11 09:50:25,826 [INFO] Model: SANGraphormer
2024-12-11 09:50:25,835 [INFO] Created Model
2024-12-11 09:50:25,836 [INFO] Total trainable parameters in the model: 141829
2024-12-11 09:50:25,837 [INFO] Initialized sequential scheduler with warmup and cosine annealing
2024-12-11 09:50:25,837 [INFO] 
Epoch 1/5
2024-12-11 10:40:12,536 [INFO] Train Loss: 1.3274, AUC: 0.4978, AP: 0.4988
2024-12-11 10:44:45,781 [INFO] Validation Loss: 0.6941, AUC: 0.5030, AP: 0.5013
2024-12-11 10:49:22,262 [INFO] Test Loss: 0.6941, AUC: 0.4983, AP: 0.4991
2024-12-11 10:49:22,263 [INFO] Test Loss: 0.6941, AUC: 0.4983, AP: 0.4991
