2024-12-11 21:15:00,260 [INFO] Logging initialized. Log file: ./logs/training_20241211_211500.log
2024-12-11 21:15:00,261 [INFO] Using device: cuda
2024-12-11 21:15:00,263 [INFO] Argument model is SANGraphormer
2024-12-11 21:15:00,263 [INFO] Argument full_graph is False
2024-12-11 21:15:00,263 [INFO] Argument hidden_channels is 48
2024-12-11 21:15:00,263 [INFO] Argument num_layers is 3
2024-12-11 21:15:00,263 [INFO] Argument dropout is 0.6
2024-12-11 21:15:00,263 [INFO] Argument seed is 234
2024-12-11 21:15:00,265 [INFO] Random seed set to 234
2024-12-11 21:15:00,376 [INFO] Loaded data: Data(edge_index=[2, 1429931], num_nodes=68350, x=[68350, 65], court_name=[68350], decision_date=[68350])
2024-12-11 21:15:00,376 [INFO] Creating splits...
2024-12-11 21:15:01,746 [INFO] Created splits
2024-12-11 21:15:01,746 [INFO] Preprocessing function configured.
2024-12-11 21:15:01,746 [INFO] Creating datasets...
2024-12-11 21:15:02,944 [INFO] Created datasets.
2024-12-11 21:15:02,944 [INFO] Creating dataloaders...
2024-12-11 21:15:02,945 [INFO] Created dataloaders.
2024-12-11 21:15:02,945 [INFO] Creating Model
2024-12-11 21:15:03,059 [INFO] Model: SANGraphormer
2024-12-11 21:15:03,069 [INFO] Created Model
2024-12-11 21:15:03,070 [INFO] Total trainable parameters in the model: 198293
2024-12-11 21:15:03,071 [INFO] Initialized sequential scheduler with warmup and cosine annealing
2024-12-11 21:15:03,071 [INFO] 
Epoch 1/5
2024-12-11 21:38:29,978 [INFO] Train Loss: 5.4862, AUC: 0.5616, AP: 0.5402
2024-12-11 21:41:31,496 [INFO] Validation Loss: 0.6295, AUC: 0.8003, AP: 0.7471
2024-12-11 21:44:32,831 [INFO] Test Loss: 0.6292, AUC: 0.8002, AP: 0.7466
2024-12-11 21:44:32,831 [INFO] Test Loss: 0.6292, AUC: 0.8002, AP: 0.7466
2024-12-11 21:44:33,620 [INFO] New best model saved at epoch 1 with combined metric: 0.7737 (AUC: 0.8003, AP: 0.7471)
2024-12-11 21:44:33,621 [INFO] 
Epoch 2/5
