2024-12-11 16:36:50,874 [INFO] Logging initialized. Log file: ./logs/training_20241211_163650.log
2024-12-11 16:36:50,875 [INFO] Using device: cuda
2024-12-11 16:36:50,877 [INFO] Argument model is SANGraphormer
2024-12-11 16:36:50,877 [INFO] Argument full_graph is False
2024-12-11 16:36:50,877 [INFO] Argument hidden_channels is 32
2024-12-11 16:36:50,877 [INFO] Argument num_layers is 4
2024-12-11 16:36:50,877 [INFO] Argument dropout is 0.8
2024-12-11 16:36:50,877 [INFO] Argument seed is 234
2024-12-11 16:36:50,879 [INFO] Random seed set to 234
2024-12-11 16:36:51,815 [INFO] Loaded data: Data(edge_index=[2, 11629341], num_nodes=757733, x=[757733, 65], decision_date=[757733], court_name=[757733])
2024-12-11 16:36:51,815 [INFO] Creating splits...
2024-12-11 16:36:57,037 [INFO] Created splits
2024-12-11 16:36:57,037 [INFO] Preprocessing function configured.
2024-12-11 16:36:57,037 [INFO] Creating datasets...
2024-12-11 16:37:00,578 [INFO] Including validation edges into training edges for testing...
2024-12-11 16:37:00,584 [INFO] Included validation edges into training edges.
2024-12-11 16:37:01,884 [INFO] Created datasets.
2024-12-11 16:37:01,885 [INFO] Creating dataloaders...
2024-12-11 16:37:01,885 [INFO] Created dataloaders.
2024-12-11 16:37:01,886 [INFO] Creating Model
2024-12-11 16:37:02,025 [INFO] Model: SANGraphormer
2024-12-11 16:37:02,033 [INFO] Created Model
2024-12-11 16:37:02,034 [INFO] Total trainable parameters in the model: 116869
2024-12-11 16:37:02,035 [INFO] Initialized sequential scheduler with warmup and cosine annealing
2024-12-11 16:37:02,035 [INFO] 
Epoch 1/5
