2024-12-11 06:57:08,570 [INFO] Logging initialized. Log file: ./logs/training_20241211_065708.log
2024-12-11 06:57:08,573 [INFO] Using device: cuda
2024-12-11 06:57:08,574 [INFO] Argument model is SANGraphormer
2024-12-11 06:57:08,575 [INFO] Argument hidden_channels is 32
2024-12-11 06:57:08,575 [INFO] Argument num_layers is 5
2024-12-11 06:57:08,575 [INFO] Argument dropout is 0.8
2024-12-11 06:57:08,575 [INFO] Argument seed is 234
2024-12-11 06:57:08,577 [INFO] Random seed set to 234
2024-12-11 06:57:09,478 [INFO] Loaded data: Data(edge_index=[2, 11629341], num_nodes=757733, x=[757733, 65], decision_date=[757733], court_name=[757733])
2024-12-11 06:57:09,478 [INFO] Creating splits...
2024-12-11 06:57:14,839 [INFO] Created splits
2024-12-11 06:57:14,840 [INFO] Preprocessing function configured.
2024-12-11 06:57:14,840 [INFO] Creating datasets...
2024-12-11 06:57:18,954 [INFO] Including validation edges into training edges for testing...
2024-12-11 06:57:18,959 [INFO] Included validation edges into training edges.
2024-12-11 06:57:20,386 [INFO] Created datasets.
2024-12-11 06:57:20,387 [INFO] Creating dataloaders...
2024-12-11 06:57:20,387 [INFO] Created dataloaders.
2024-12-11 06:57:20,388 [INFO] Creating Model
2024-12-11 06:57:20,615 [INFO] Model: SANGraphormer
2024-12-11 06:57:20,624 [INFO] Created Model
2024-12-11 06:57:20,625 [INFO] Total trainable parameters in the model: 141829
2024-12-11 06:57:20,626 [INFO] Initialized sequential scheduler with warmup and cosine annealing
2024-12-11 06:57:20,626 [INFO] 
Epoch 1/5
