2024-12-11 07:03:47,808 [INFO] Logging initialized. Log file: ./logs/training_20241211_070347.log
2024-12-11 07:03:47,810 [INFO] Using device: cuda
2024-12-11 07:03:47,811 [INFO] Argument model is SANGraphormer
2024-12-11 07:03:47,811 [INFO] Argument hidden_channels is 32
2024-12-11 07:03:47,812 [INFO] Argument num_layers is 5
2024-12-11 07:03:47,812 [INFO] Argument dropout is 0.8
2024-12-11 07:03:47,812 [INFO] Argument seed is 456
2024-12-11 07:03:47,814 [INFO] Random seed set to 456
2024-12-11 07:03:48,729 [INFO] Loaded data: Data(edge_index=[2, 11629341], num_nodes=757733, x=[757733, 65], decision_date=[757733], court_name=[757733])
2024-12-11 07:03:48,729 [INFO] Creating splits...
2024-12-11 07:03:54,063 [INFO] Created splits
2024-12-11 07:03:54,063 [INFO] Preprocessing function configured.
2024-12-11 07:03:54,063 [INFO] Creating datasets...
2024-12-11 07:03:57,825 [INFO] Including validation edges into training edges for testing...
2024-12-11 07:03:57,833 [INFO] Included validation edges into training edges.
2024-12-11 07:03:59,287 [INFO] Created datasets.
2024-12-11 07:03:59,288 [INFO] Creating dataloaders...
2024-12-11 07:03:59,288 [INFO] Created dataloaders.
2024-12-11 07:03:59,288 [INFO] Creating Model
2024-12-11 07:03:59,517 [INFO] Model: SANGraphormer
2024-12-11 07:03:59,526 [INFO] Created Model
2024-12-11 07:03:59,527 [INFO] Total trainable parameters in the model: 141829
2024-12-11 07:03:59,528 [INFO] Initialized sequential scheduler with warmup and cosine annealing
2024-12-11 07:03:59,528 [INFO] 
Epoch 1/5
