2024-12-11 10:51:28,562 [INFO] Logging initialized. Log file: ./logs/training_20241211_105128.log
2024-12-11 10:51:28,564 [INFO] Using device: cuda
2024-12-11 10:51:28,565 [INFO] Argument model is GCNGraphormer
2024-12-11 10:51:28,566 [INFO] Argument hidden_channels is 64
2024-12-11 10:51:28,566 [INFO] Argument num_layers is 3
2024-12-11 10:51:28,566 [INFO] Argument dropout is 0.2
2024-12-11 10:51:28,566 [INFO] Argument seed is 234
2024-12-11 10:51:28,568 [INFO] Random seed set to 234
2024-12-11 10:51:29,521 [INFO] Loaded data: Data(edge_index=[2, 11629341], num_nodes=757733, x=[757733, 65], decision_date=[757733], court_name=[757733])
2024-12-11 10:51:29,521 [INFO] Creating splits...
2024-12-11 10:51:35,009 [INFO] Created splits
2024-12-11 10:51:35,009 [INFO] Preprocessing function configured.
2024-12-11 10:51:35,010 [INFO] Creating datasets...
2024-12-11 10:51:38,795 [INFO] Including validation edges into training edges for testing...
2024-12-11 10:51:38,802 [INFO] Included validation edges into training edges.
2024-12-11 10:51:40,091 [INFO] Created datasets.
2024-12-11 10:51:40,092 [INFO] Creating dataloaders...
2024-12-11 10:51:40,092 [INFO] Created dataloaders.
2024-12-11 10:51:40,093 [INFO] Creating Model
2024-12-11 10:51:40,362 [INFO] Model: GCNGraphormer
2024-12-11 10:51:40,370 [INFO] Created Model
2024-12-11 10:51:40,371 [INFO] Total trainable parameters in the model: 181797
2024-12-11 10:51:40,371 [INFO] Initialized sequential scheduler with warmup and cosine annealing
2024-12-11 10:51:40,372 [INFO] 
Epoch 1/5
2024-12-11 11:18:52,884 [INFO] Train Loss: 12.4060, AUC: 0.7316, AP: 0.6857
2024-12-11 11:22:19,242 [INFO] Validation Loss: 0.4515, AUC: 0.8539, AP: 0.8921
2024-12-11 11:25:47,134 [INFO] Test Loss: 0.4219, AUC: 0.8648, AP: 0.9010
2024-12-11 11:25:47,135 [INFO] Test Loss: 0.4219, AUC: 0.8648, AP: 0.9010
