2024-12-11 16:42:03,891 [INFO] Logging initialized. Log file: ./logs/training_20241211_164203.log
2024-12-11 16:42:03,892 [INFO] Using device: cuda
2024-12-11 16:42:03,906 [INFO] Argument model is SANGraphormer
2024-12-11 16:42:03,907 [INFO] Argument full_graph is False
2024-12-11 16:42:03,907 [INFO] Argument hidden_channels is 32
2024-12-11 16:42:03,908 [INFO] Argument num_layers is 4
2024-12-11 16:42:03,908 [INFO] Argument dropout is 0.8
2024-12-11 16:42:03,908 [INFO] Argument seed is 234
2024-12-11 16:42:03,910 [INFO] Random seed set to 234
2024-12-11 16:42:04,794 [INFO] Loaded data: Data(edge_index=[2, 11629341], num_nodes=757733, x=[757733, 65], decision_date=[757733], court_name=[757733])
2024-12-11 16:42:04,794 [INFO] Creating splits...
2024-12-11 16:42:09,922 [INFO] Created splits
2024-12-11 16:42:09,922 [INFO] Preprocessing function configured.
2024-12-11 16:42:09,922 [INFO] Creating datasets...
2024-12-11 16:42:13,765 [INFO] Including validation edges into training edges for testing...
2024-12-11 16:42:13,772 [INFO] Included validation edges into training edges.
2024-12-11 16:42:15,187 [INFO] Created datasets.
2024-12-11 16:42:15,187 [INFO] Creating dataloaders...
2024-12-11 16:42:15,188 [INFO] Created dataloaders.
2024-12-11 16:42:15,188 [INFO] Creating Model
2024-12-11 16:42:15,322 [INFO] Model: SANGraphormer
2024-12-11 16:42:15,330 [INFO] Created Model
2024-12-11 16:42:15,331 [INFO] Total trainable parameters in the model: 116869
2024-12-11 16:42:15,332 [INFO] Initialized sequential scheduler with warmup and cosine annealing
2024-12-11 16:42:15,332 [INFO] 
Epoch 1/5
2024-12-11 17:25:48,172 [INFO] Train Loss: 5.5731, AUC: 0.5134, AP: 0.5087
2024-12-11 17:31:30,763 [INFO] Validation Loss: 1.0012, AUC: 0.7460, AP: 0.8137
2024-12-11 17:37:19,548 [INFO] Test Loss: 0.9943, AUC: 0.7663, AP: 0.8283
2024-12-11 17:37:19,549 [INFO] Test Loss: 0.9943, AUC: 0.7663, AP: 0.8283
2024-12-11 17:37:19,926 [INFO] New best model saved at epoch 1 with combined metric: 0.7799 (AUC: 0.7460, AP: 0.8137)
2024-12-11 17:37:19,927 [INFO] 
Epoch 2/5
