2024-12-11 22:00:09,900 [INFO] Logging initialized. Log file: ./logs/training_20241211_220009.log
2024-12-11 22:00:09,902 [INFO] Using device: cuda
2024-12-11 22:00:09,904 [INFO] Argument model is GCNGraphormer
2024-12-11 22:00:09,904 [INFO] Argument full_graph is False
2024-12-11 22:00:09,905 [INFO] Argument hidden_channels is 64
2024-12-11 22:00:09,905 [INFO] Argument num_layers is 3
2024-12-11 22:00:09,905 [INFO] Argument dropout is 0.2
2024-12-11 22:00:09,905 [INFO] Argument seed is 234
2024-12-11 22:00:09,907 [INFO] Random seed set to 234
2024-12-11 22:00:10,007 [INFO] Loaded data: Data(edge_index=[2, 1429931], num_nodes=68350, x=[68350, 65], court_name=[68350], decision_date=[68350])
2024-12-11 22:00:10,008 [INFO] Creating splits...
2024-12-11 22:04:30,588 [INFO] Created splits
2024-12-11 22:04:30,589 [INFO] Preprocessing function configured.
2024-12-11 22:04:30,589 [INFO] Creating datasets...
2024-12-11 22:04:31,994 [INFO] Created datasets.
2024-12-11 22:04:31,995 [INFO] Creating dataloaders...
2024-12-11 22:04:31,995 [INFO] Created dataloaders.
2024-12-11 22:04:31,996 [INFO] Creating Model
2024-12-11 22:04:32,147 [INFO] Model: GCNGraphormer
2024-12-11 22:04:32,155 [INFO] Created Model
2024-12-11 22:04:32,156 [INFO] Total trainable parameters in the model: 181797
2024-12-11 22:04:32,157 [INFO] Initialized sequential scheduler with warmup and cosine annealing
2024-12-11 22:04:32,157 [INFO] 
Epoch 1/5
