2024-12-11 22:34:10,257 [INFO] Logging initialized. Log file: ./logs/training_20241211_223410.log
2024-12-11 22:34:10,258 [INFO] Using device: cuda
2024-12-11 22:34:10,260 [INFO] Argument model is GCNGraphormer
2024-12-11 22:34:10,260 [INFO] Argument full_graph is False
2024-12-11 22:34:10,260 [INFO] Argument hidden_channels is 64
2024-12-11 22:34:10,260 [INFO] Argument num_layers is 3
2024-12-11 22:34:10,261 [INFO] Argument dropout is 0.2
2024-12-11 22:34:10,261 [INFO] Argument seed is 234
2024-12-11 22:34:10,262 [INFO] Random seed set to 234
2024-12-11 22:34:10,354 [INFO] Loaded data: Data(edge_index=[2, 1429931], num_nodes=68350, x=[68350, 65], court_name=[68350], decision_date=[68350])
2024-12-11 22:34:10,355 [INFO] Creating splits...
2024-12-11 22:38:22,066 [INFO] Created splits
2024-12-11 22:38:22,066 [INFO] Preprocessing function configured.
2024-12-11 22:38:22,067 [INFO] Creating datasets...
2024-12-11 22:38:23,492 [INFO] Created datasets.
2024-12-11 22:38:23,493 [INFO] Creating dataloaders...
2024-12-11 22:38:23,493 [INFO] Created dataloaders.
2024-12-11 22:38:23,493 [INFO] Creating Model
2024-12-11 22:38:23,648 [INFO] Model: GCNGraphormer
2024-12-11 22:38:23,656 [INFO] Created Model
2024-12-11 22:38:23,657 [INFO] Total trainable parameters in the model: 181797
2024-12-11 22:38:23,657 [INFO] Initialized sequential scheduler with warmup and cosine annealing
2024-12-11 22:38:23,658 [INFO] 
Epoch 1/5
