2024-12-11 16:25:10,286 [INFO] Logging initialized. Log file: ./logs/training_20241211_162510.log
2024-12-11 16:25:10,288 [INFO] Using device: cuda
2024-12-11 16:25:10,289 [INFO] Argument model is SANGraphormer
2024-12-11 16:25:10,289 [INFO] Argument full_graph is True
2024-12-11 16:25:10,290 [INFO] Argument hidden_channels is 32
2024-12-11 16:25:10,290 [INFO] Argument num_layers is 4
2024-12-11 16:25:10,290 [INFO] Argument dropout is 0.8
2024-12-11 16:25:10,290 [INFO] Argument seed is 234
2024-12-11 16:25:10,292 [INFO] Random seed set to 234
2024-12-11 16:25:11,254 [INFO] Loaded data: Data(edge_index=[2, 11629341], num_nodes=757733, x=[757733, 65], decision_date=[757733], court_name=[757733])
2024-12-11 16:25:11,254 [INFO] Creating splits...
2024-12-11 16:25:16,520 [INFO] Created splits
2024-12-11 16:25:16,520 [INFO] Preprocessing function configured.
2024-12-11 16:25:16,520 [INFO] Creating datasets...
2024-12-11 16:25:20,062 [INFO] Including validation edges into training edges for testing...
2024-12-11 16:25:20,070 [INFO] Included validation edges into training edges.
2024-12-11 16:25:21,309 [INFO] Created datasets.
2024-12-11 16:25:21,310 [INFO] Creating dataloaders...
2024-12-11 16:25:21,310 [INFO] Created dataloaders.
2024-12-11 16:25:21,310 [INFO] Creating Model
2024-12-11 16:25:21,448 [INFO] Model: SANGraphormer
2024-12-11 16:25:21,456 [INFO] Created Model
2024-12-11 16:25:21,457 [INFO] Total trainable parameters in the model: 129157
2024-12-11 16:25:21,458 [INFO] Initialized sequential scheduler with warmup and cosine annealing
2024-12-11 16:25:21,458 [INFO] 
Epoch 1/5
2024-12-11 16:30:24,017 [INFO] Training interrupted: local variable 'e' referenced before assignment
